app/build/outputs/logs/manifest-merger-debug-report.txt
-- Merging decision tree log ---
manifest
ADDED from src\main\AndroidManifest.xml:1:1-161:12
	package
		ADDED from src\main\AndroidManifest.xml:2:5-45
		INJECTED from src\main\AndroidManifest.xml
		INJECTED from src\main\AndroidManifest.xml
	android:versionName
		INJECTED from src\main\AndroidManifest.xml
		INJECTED from src\main\AndroidManifest.xml
	xmlns:android
		ADDED from src\main\AndroidManifest.xml:1:11-69
	android:versionCode
		INJECTED from src\main\AndroidManifest.xml
		INJECTED from src\main\AndroidManifest.xml
uses-sdk
ADDED from src\main\AndroidManifest.xml:4:5-6:41
MERGED from [com.android.support:multidex:1.0.1] AndroidManifest.xml:18:5-42
MERGED from [com.facebook.fresco:fresco:0.6.1] AndroidManifest.xml:5:5-7:41
MERGED from [com.facebook.fresco:drawee:0.6.1] AndroidManifest.xml:5:5-7:41
MERGED from [com.facebook.fresco:imagepipeline-okhttp:0.6.0] AndroidManifest.xml:5:5-7:41
MERGED from [com.facebook.fresco:imagepipeline:0.6.1] AndroidManifest.xml:5:5-7:41
MERGED from [com.facebook.fresco:fbcore:0.6.1] AndroidManifest.xml:5:5-7:41
MERGED from [com.google.android.gms:play-services-ads:8.1.0] AndroidManifest.xml:23:5-42
MERGED from [com.google.android.gms:play-services-appindexing:8.1.0] AndroidManifest.xml:18:5-42
MERGED from [com.google.android.gms:play-services-basement:8.1.0] AndroidManifest.xml:18:5-42
MERGED from [Microscope_android-master:googlemediaframework:unspecified] AndroidManifest.xml:22:5-24:41
MERGED from [com.tencent.bugly:crashreport:1.2.8] AndroidManifest.xml:7:5-9:41
MERGED from [cn.finalteam:toolsfinal:1.0.8] AndroidManifest.xml:7:5-9:41
MERGED from [org.xutils:xutils:3.5.0] AndroidManifest.xml:8:5-10:41
MERGED from [com.android.support:cardview-v7:23.4.0] AndroidManifest.xml:20:5-43
MERGED from [com.android.support:recyclerview-v7:23.4.0] AndroidManifest.xml:20:5-43
MERGED from [cn.leancloud.android:avoscloud-push:v4.4.4] AndroidManifest.xml:7:5-9:41
MERGED from [cn.leancloud.android:avoscloud-feedback:v4.4.4] AndroidManifest.xml:7:5-9:41
MERGED from [cn.leancloud.android:avoscloud-search:v4.4.4] AndroidManifest.xml:7:5-9:41
MERGED from [Microscope_android-master:MPChartLib:unspecified] AndroidManifest.xml:17:5-19:41
MERGED from [Microscope_android-master:x264encoder:unspecified] AndroidManifest.xml:7:5-9:41
MERGED from [com.android.support:appcompat-v7:25.1.0] AndroidManifest.xml:21:5-23:78
MERGED from [com.android.support:support-v4:25.1.0] AndroidManifest.xml:21:5-23:54
MERGED from [com.android.support:support-fragment:25.1.0] AndroidManifest.xml:21:5-23:60
MERGED from [com.android.support:support-media-compat:25.1.0] AndroidManifest.xml:21:5-23:63
MERGED from [com.android.support:support-core-ui:25.1.0] AndroidManifest.xml:21:5-23:58
MERGED from [com.android.support:support-core-utils:25.1.0] AndroidManifest.xml:21:5-23:61
MERGED from [com.android.support:animated-vector-drawable:25.1.0] AndroidManifest.xml:20:5-44
MERGED from [com.android.support:support-vector-drawable:25.1.0] AndroidManifest.xml:21:5-43
MERGED from [com.android.support:support-compat:25.1.0] AndroidManifest.xml:21:5-23:58
MERGED from [com.squareup.leakcanary:leakcanary-android:1.5] AndroidManifest.xml:20:5-22:41
	tools:overrideLibrary
		ADDED from [com.android.support:appcompat-v7:25.1.0] AndroidManifest.xml:23:9-75
	android:targetSdkVersion
		ADDED from src\main\AndroidManifest.xml:6:9-38
		INJECTED from src\main\AndroidManifest.xml
		INJECTED from src\main\AndroidManifest.xml
	android:minSdkVersion
		ADDED from src\main\AndroidManifest.xml:5:9-35
		INJECTED from src\main\AndroidManifest.xml
		INJECTED from src\main\AndroidManifest.xml
uses-permission#android.permission.RECORD_AUDIO
ADDED from src\main\AndroidManifest.xml:8:5-71
	android:name
		ADDED from src\main\AndroidManifest.xml:8:22-68
uses-permission#android.permission.WRITE_EXTERNAL_STORAGE
ADDED from src\main\AndroidManifest.xml:9:5-81
MERGED from [cn.finalteam:toolsfinal:1.0.8] AndroidManifest.xml:14:5-81
MERGED from [com.squareup.leakcanary:leakcanary-android:1.5] AndroidManifest.xml:26:5-81
	android:name
		ADDED from src\main\AndroidManifest.xml:9:22-78
uses-permission#android.permission.ACCESS_NETWORK_STATE
ADDED from src\main\AndroidManifest.xml:10:5-79
MERGED from [com.google.android.gms:play-services-ads:8.1.0] AndroidManifest.xml:21:5-78
MERGED from [cn.finalteam:toolsfinal:1.0.8] AndroidManifest.xml:24:5-79
	android:name
		ADDED from src\main\AndroidManifest.xml:10:22-76
uses-permission#android.permission.ACCESS_WIFI_STATE
ADDED from src\main\AndroidManifest.xml:11:5-76
MERGED from [cn.finalteam:toolsfinal:1.0.8] AndroidManifest.xml:20:5-76
	android:name
		ADDED from src\main\AndroidManifest.xml:11:22-73
uses-permission#android.permission.CHANGE_WIFI_STATE
ADDED from src\main\AndroidManifest.xml:12:5-76
	android:name
		ADDED from src\main\AndroidManifest.xml:12:22-73
uses-permission#android.permission.INTERNET
ADDED from src\main\AndroidManifest.xml:13:5-67
MERGED from [com.google.android.gms:play-services-ads:8.1.0] AndroidManifest.xml:20:5-66
	android:name
		ADDED from src\main\AndroidManifest.xml:13:22-64
uses-permission#android.permission.WAKE_LOCK
ADDED from src\main\AndroidManifest.xml:14:5-68
	android:name
		ADDED from src\main\AndroidManifest.xml:14:22-65
uses-permission#android.permission.VIBRATE
ADDED from src\main\AndroidManifest.xml:15:5-66
	android:name
		ADDED from src\main\AndroidManifest.xml:15:22-63
uses-permission#android.permission.ACCESS_SUPERUSER
ADDED from src\main\AndroidManifest.xml:16:5-75
	android:name
		ADDED from src\main\AndroidManifest.xml:16:22-72
uses-permission#android.permission.READ_EXTERNAL_STORAGE
ADDED from src\main\AndroidManifest.xml:17:5-80
MERGED from [cn.finalteam:toolsfinal:1.0.8] AndroidManifest.xml:16:5-80
MERGED from [com.squareup.leakcanary:leakcanary-android:1.5] AndroidManifest.xml:25:5-80
	android:name
		ADDED from src\main\AndroidManifest.xml:17:22-77
uses-permission#android.permission.GET_TASKS
ADDED from src\main\AndroidManifest.xml:18:5-68
MERGED from [cn.finalteam:toolsfinal:1.0.8] AndroidManifest.xml:22:5-68
	android:name
		ADDED from src\main\AndroidManifest.xml:18:22-65
uses-permission#android.permission.READ_PHONE_STATE
ADDED from src\main\AndroidManifest.xml:20:5-75
MERGED from [cn.finalteam:toolsfinal:1.0.8] AndroidManifest.xml:18:5-75
	android:name
		ADDED from src\main\AndroidManifest.xml:20:22-72
uses-permission#android.permission.SYSTEM_ALERT_WINDOW
ADDED from src\main\AndroidManifest.xml:21:5-78
	android:name
		ADDED from src\main\AndroidManifest.xml:21:22-75
uses-permission#android.permission.CALL_PHONE
ADDED from src\main\AndroidManifest.xml:23:5-69
	android:name
		ADDED from src\main\AndroidManifest.xml:23:22-66
uses-permission#android.permission.BLUETOOTH
ADDED from src\main\AndroidManifest.xml:24:5-68
	android:name
		ADDED from src\main\AndroidManifest.xml:24:22-65
uses-permission#android.permission.BLUETOOTH_ADMIN
ADDED from src\main\AndroidManifest.xml:25:5-74
	android:name
		ADDED from src\main\AndroidManifest.xml:25:22-71
uses-permission#android.permission.WRITE_SETTINGS
ADDED from src\main\AndroidManifest.xml:26:5-73
	android:name
		ADDED from src\main\AndroidManifest.xml:26:22-70
uses-permission#android.permission.WRITE_APN_SETTINGS
ADDED from src\main\AndroidManifest.xml:27:5-77
	android:name
		ADDED from src\main\AndroidManifest.xml:27:22-74
uses-permission#android.permission.INSTALL_PACKAGES
ADDED from src\main\AndroidManifest.xml:28:5-75
	android:name
		ADDED from src\main\AndroidManifest.xml:28:22-72
uses-permission#android.permission.CHANGE_NETWORK_STATE
ADDED from src\main\AndroidManifest.xml:32:5-79
	android:name
		ADDED from src\main\AndroidManifest.xml:32:22-76
uses-permission#android.permission.ACCESS_FINE_LOCATION
ADDED from src\main\AndroidManifest.xml:39:5-79
	android:name
		ADDED from src\main\AndroidManifest.xml:39:22-76
uses-permission#android.permission.ACCESS_COARSE_LOCATION
ADDED from src\main\AndroidManifest.xml:40:5-81
	android:name
		ADDED from src\main\AndroidManifest.xml:40:22-78
application
ADDED from src\main\AndroidManifest.xml:41:5-159:19
MERGED from [com.google.android.gms:play-services-ads:8.1.0] AndroidManifest.xml:24:5-32:19
MERGED from [com.google.android.gms:play-services-appindexing:8.1.0] AndroidManifest.xml:19:5-20
MERGED from [com.google.android.gms:play-services-basement:8.1.0] AndroidManifest.xml:20:5-24:19
MERGED from [Microscope_android-master:googlemediaframework:unspecified] AndroidManifest.xml:26:5-20
MERGED from [org.xutils:xutils:3.5.0] AndroidManifest.xml:12:5-20
MERGED from [com.android.support:cardview-v7:23.4.0] AndroidManifest.xml:22:5-20
MERGED from [cn.leancloud.android:avoscloud-search:v4.4.4] AndroidManifest.xml:11:5-14:19
MERGED from [Microscope_android-master:x264encoder:unspecified] AndroidManifest.xml:11:5-15:19
MERGED from [com.android.support:appcompat-v7:25.1.0] AndroidManifest.xml:25:5-20
MERGED from [com.android.support:support-v4:25.1.0] AndroidManifest.xml:25:5-20
MERGED from [com.android.support:support-fragment:25.1.0] AndroidManifest.xml:25:5-20
MERGED from [com.android.support:support-media-compat:25.1.0] AndroidManifest.xml:25:5-20
MERGED from [com.android.support:support-core-ui:25.1.0] AndroidManifest.xml:25:5-20
MERGED from [com.android.support:support-core-utils:25.1.0] AndroidManifest.xml:25:5-20
MERGED from [com.android.support:animated-vector-drawable:25.1.0] AndroidManifest.xml:22:5-20
MERGED from [com.android.support:support-vector-drawable:25.1.0] AndroidManifest.xml:23:5-20
MERGED from [com.android.support:support-compat:25.1.0] AndroidManifest.xml:25:5-20
MERGED from [com.squareup.leakcanary:leakcanary-android:1.5] AndroidManifest.xml:28:5-57:19
	android:label
		ADDED from src\main\AndroidManifest.xml:45:9-41
	android:supportsRtl
		ADDED from src\main\AndroidManifest.xml:47:9-35
	android:allowBackup
		ADDED from src\main\AndroidManifest.xml:43:9-35
	android:icon
		ADDED from src\main\AndroidManifest.xml:44:9-54
	android:largeHeap
		ADDED from src\main\AndroidManifest.xml:46:9-33
	android:theme
		ADDED from src\main\AndroidManifest.xml:48:9-40
	android:name
		ADDED from src\main\AndroidManifest.xml:42:9-52
activity#com.geetion.microscope_android.activity.SplashActivity
ADDED from src\main\AndroidManifest.xml:49:9-58:20
	android:screenOrientation
		ADDED from src\main\AndroidManifest.xml:51:13-50
	android:name
		ADDED from src\main\AndroidManifest.xml:50:13-52
intent-filter#android.intent.action.MAIN+android.intent.category.LAUNCHER
ADDED from src\main\AndroidManifest.xml:52:13-56:29
action#android.intent.action.MAIN
ADDED from src\main\AndroidManifest.xml:53:17-69
	android:name
		ADDED from src\main\AndroidManifest.xml:53:25-66
category#android.intent.category.LAUNCHER
ADDED from src\main\AndroidManifest.xml:55:17-77
	android:name
		ADDED from src\main\AndroidManifest.xml:55:27-74
activity#com.geetion.microscope_android.activity.RemotePhotoAlbumActivity
ADDED from src\main\AndroidManifest.xml:59:9-61:62
	android:screenOrientation
		ADDED from src\main\AndroidManifest.xml:61:13-50
	android:name
		ADDED from src\main\AndroidManifest.xml:60:13-62
activity#com.geetion.microscope_android.activity.LoginActivity
ADDED from src\main\AndroidManifest.xml:62:9-69:20
	android:screenOrientation
		ADDED from src\main\AndroidManifest.xml:65:13-50
	android:launchMode
		ADDED from src\main\AndroidManifest.xml:64:13-44
	android:windowSoftInputMode
		ADDED from src\main\AndroidManifest.xml:66:13-64
	android:name
		ADDED from src\main\AndroidManifest.xml:63:13-51
activity#com.geetion.microscope_android.activity.SelectClientActivity
ADDED from src\main\AndroidManifest.xml:70:9-74:20
	android:screenOrientation
		ADDED from src\main\AndroidManifest.xml:72:13-50
	android:name
		ADDED from src\main\AndroidManifest.xml:71:13-58
activity#com.geetion.microscope_android.activity.MytestActivity
ADDED from src\main\AndroidManifest.xml:75:9-79:20
	android:screenOrientation
		ADDED from src\main\AndroidManifest.xml:77:13-50
	android:name
		ADDED from src\main\AndroidManifest.xml:76:13-52
activity#com.geetion.microscope_android.activity.MasterActivity
ADDED from src\main\AndroidManifest.xml:82:9-87:20
	android:screenOrientation
		ADDED from src\main\AndroidManifest.xml:85:13-50
	android:launchMode
		ADDED from src\main\AndroidManifest.xml:84:13-44
	android:name
		ADDED from src\main\AndroidManifest.xml:83:13-52
activity#com.geetion.microscope_android.activity.PhotoAlbumActivity
ADDED from src\main\AndroidManifest.xml:89:9-91:62
	android:screenOrientation
		ADDED from src\main\AndroidManifest.xml:91:13-50
	android:name
		ADDED from src\main\AndroidManifest.xml:90:13-56
activity#com.geetion.microscope_android.activity.SettingActivity
ADDED from src\main\AndroidManifest.xml:92:9-94:62
	android:screenOrientation
		ADDED from src\main\AndroidManifest.xml:94:13-50
	android:name
		ADDED from src\main\AndroidManifest.xml:93:13-53
activity#com.geetion.microscope_android.activity.ReColourActivity
ADDED from src\main\AndroidManifest.xml:95:9-97:62
	android:screenOrientation
		ADDED from src\main\AndroidManifest.xml:97:13-50
	android:name
		ADDED from src\main\AndroidManifest.xml:96:13-54
activity#com.geetion.microscope_android.activity.ImageActivity
ADDED from src\main\AndroidManifest.xml:100:9-103:62
	android:screenOrientation
		ADDED from src\main\AndroidManifest.xml:103:13-50
	android:label
		ADDED from src\main\AndroidManifest.xml:102:13-57
	android:name
		ADDED from src\main\AndroidManifest.xml:101:13-51
activity#com.geetion.microscope_android.activity.WebViewActivity
ADDED from src\main\AndroidManifest.xml:106:9-108:62
	android:screenOrientation
		ADDED from src\main\AndroidManifest.xml:108:13-50
	android:name
		ADDED from src\main\AndroidManifest.xml:107:13-53
activity#com.geetion.microscope_android.activity.AboutActivity
ADDED from src\main\AndroidManifest.xml:110:9-112:62
	android:screenOrientation
		ADDED from src\main\AndroidManifest.xml:112:13-50
	android:name
		ADDED from src\main\AndroidManifest.xml:111:13-51
activity#com.geetion.microscope_android.activity.AutoPhotoActivity
ADDED from src\main\AndroidManifest.xml:114:9-116:62
	android:screenOrientation
		ADDED from src\main\AndroidManifest.xml:116:13-50
	android:name
		ADDED from src\main\AndroidManifest.xml:115:13-55
activity#com.geetion.microscope_android.activity.BatteryAlertActivity
ADDED from src\main\AndroidManifest.xml:118:9-122:68
	android:screenOrientation
		ADDED from src\main\AndroidManifest.xml:121:13-50
	android:launchMode
		ADDED from src\main\AndroidManifest.xml:120:13-43
	android:theme
		ADDED from src\main\AndroidManifest.xml:122:13-56
	android:name
		ADDED from src\main\AndroidManifest.xml:119:13-58
activity#com.avos.avoscloud.feedback.ThreadActivity
ADDED from src\main\AndroidManifest.xml:124:9-88
	android:name
		ADDED from src\main\AndroidManifest.xml:124:19-76
activity#com.geetion.microscope_android.activity.SelectConnectActivity
ADDED from src\main\AndroidManifest.xml:125:9-127:62
	android:screenOrientation
		ADDED from src\main\AndroidManifest.xml:127:13-50
	android:name
		ADDED from src\main\AndroidManifest.xml:126:13-59
meta-data#com.google.android.gms.version
ADDED from src\main\AndroidManifest.xml:128:9-130:69
MERGED from [com.google.android.gms:play-services-basement:8.1.0] AndroidManifest.xml:21:9-23:69
	android:value
		ADDED from src\main\AndroidManifest.xml:130:13-66
	android:name
		ADDED from src\main\AndroidManifest.xml:129:13-58
service#com.geetion.microscope_android.service.CheckBatteryService
ADDED from src\main\AndroidManifest.xml:131:9-139:19
	android:enabled
		ADDED from src\main\AndroidManifest.xml:133:13-35
	android:exported
		ADDED from src\main\AndroidManifest.xml:134:13-37
	android:name
		ADDED from src\main\AndroidManifest.xml:132:13-56
intent-filter#com.geetion.microscope_android.service.CheckBatteryService
ADDED from src\main\AndroidManifest.xml:136:13-138:29
action#com.geetion.microscope_android.service.CheckBatteryService
ADDED from src\main\AndroidManifest.xml:137:17-101
	android:name
		ADDED from src\main\AndroidManifest.xml:137:25-98
service#com.avos.avoscloud.PushService
ADDED from src\main\AndroidManifest.xml:143:9-66
	android:name
		ADDED from src\main\AndroidManifest.xml:143:18-63
receiver#com.avos.avoscloud.AVBroadcastReceiver
ADDED from src\main\AndroidManifest.xml:144:9-150:20
	android:name
		ADDED from src\main\AndroidManifest.xml:144:19-72
intent-filter#android.intent.action.BOOT_COMPLETED+android.intent.action.USER_PRESENT+android.net.conn.CONNECTIVITY_CHANGE
ADDED from src\main\AndroidManifest.xml:145:13-149:29
action#android.intent.action.BOOT_COMPLETED
ADDED from src\main\AndroidManifest.xml:146:17-79
	android:name
		ADDED from src\main\AndroidManifest.xml:146:25-76
action#android.intent.action.USER_PRESENT
ADDED from src\main\AndroidManifest.xml:147:17-77
	android:name
		ADDED from src\main\AndroidManifest.xml:147:25-74
action#android.net.conn.CONNECTIVITY_CHANGE
ADDED from src\main\AndroidManifest.xml:148:17-79
	android:name
		ADDED from src\main\AndroidManifest.xml:148:25-76
activity#com.geetion.microscope_android.activity.ServiceConnectWifiAcitivity
ADDED from src\main\AndroidManifest.xml:151:9-155:20
	android:screenOrientation
		ADDED from src\main\AndroidManifest.xml:153:13-50
	android:name
		ADDED from src\main\AndroidManifest.xml:152:13-65
service#com.geetion.microscope_android.service.MasterService
ADDED from src\main\AndroidManifest.xml:156:9-158:15
	android:permission
		ADDED from src\main\AndroidManifest.xml:157:13-38
	android:name
		ADDED from src\main\AndroidManifest.xml:156:18-55
activity#com.google.android.gms.ads.AdActivity
ADDED from [com.google.android.gms:play-services-ads:8.1.0] AndroidManifest.xml:26:9-29:64
	android:configChanges
		ADDED from [com.google.android.gms:play-services-ads:8.1.0] AndroidManifest.xml:28:13-122
	android:theme
		ADDED from [com.google.android.gms:play-services-ads:8.1.0] AndroidManifest.xml:29:13-61
	android:name
		ADDED from [com.google.android.gms:play-services-ads:8.1.0] AndroidManifest.xml:27:13-65
activity#com.google.android.gms.ads.purchase.InAppPurchaseActivity
ADDED from [com.google.android.gms:play-services-ads:8.1.0] AndroidManifest.xml:30:9-31:52
	android:theme
		ADDED from [com.google.android.gms:play-services-ads:8.1.0] AndroidManifest.xml:31:13-50
	android:name
		ADDED from [com.google.android.gms:play-services-ads:8.1.0] AndroidManifest.xml:30:19-91
uses-permission#android.permission.MOUNT_UNMOUNT_FILESYSTEMS
ADDED from [cn.finalteam:toolsfinal:1.0.8] AndroidManifest.xml:12:5-84
	android:name
		ADDED from [cn.finalteam:toolsfinal:1.0.8] AndroidManifest.xml:12:22-81
activity#com.avos.avoscloud.search.SearchActivity
ADDED from [cn.leancloud.android:avoscloud-search:v4.4.4] AndroidManifest.xml:12:9-13:20
	android:name
		ADDED from [cn.leancloud.android:avoscloud-search:v4.4.4] AndroidManifest.xml:12:19-74
service#com.squareup.leakcanary.internal.HeapAnalyzerService
ADDED from [com.squareup.leakcanary:leakcanary-android:1.5] AndroidManifest.xml:29:9-32:45
	android:enabled
		ADDED from [com.squareup.leakcanary:leakcanary-android:1.5] AndroidManifest.xml:31:13-36
	android:process
		ADDED from [com.squareup.leakcanary:leakcanary-android:1.5] AndroidManifest.xml:32:13-42
	android:name
		ADDED from [com.squareup.leakcanary:leakcanary-android:1.5] AndroidManifest.xml:30:13-80
service#com.squareup.leakcanary.DisplayLeakService
ADDED from [com.squareup.leakcanary:leakcanary-android:1.5] AndroidManifest.xml:33:9-35:39
	android:enabled
		ADDED from [com.squareup.leakcanary:leakcanary-android:1.5] AndroidManifest.xml:35:13-36
	android:name
		ADDED from [com.squareup.leakcanary:leakcanary-android:1.5] AndroidManifest.xml:34:13-70
activity#com.squareup.leakcanary.internal.DisplayLeakActivity
ADDED from [com.squareup.leakcanary:leakcanary-android:1.5] AndroidManifest.xml:37:9-49:20
	android:enabled
		ADDED from [com.squareup.leakcanary:leakcanary-android:1.5] AndroidManifest.xml:39:13-36
	android:label
		ADDED from [com.squareup.leakcanary:leakcanary-android:1.5] AndroidManifest.xml:41:13-71
	android:icon
		ADDED from [com.squareup.leakcanary:leakcanary-android:1.5] AndroidManifest.xml:40:13-54
	android:theme
		ADDED from [com.squareup.leakcanary:leakcanary-android:1.5] AndroidManifest.xml:43:13-63
	android:taskAffinity
		ADDED from [com.squareup.leakcanary:leakcanary-android:1.5] AndroidManifest.xml:42:13-59
	android:name
		ADDED from [com.squareup.leakcanary:leakcanary-android:1.5] AndroidManifest.xml:38:13-80
activity#com.squareup.leakcanary.internal.RequestStoragePermissionActivity
ADDED from [com.squareup.leakcanary:leakcanary-android:1.5] AndroidManifest.xml:50:9-56:68
	android:enabled
		ADDED from [com.squareup.leakcanary:leakcanary-android:1.5] AndroidManifest.xml:52:13-36
	android:label
		ADDED from [com.squareup.leakcanary:leakcanary-android:1.5] AndroidManifest.xml:54:13-82
	android:icon
		ADDED from [com.squareup.leakcanary:leakcanary-android:1.5] AndroidManifest.xml:53:13-54
	android:theme
		ADDED from [com.squareup.leakcanary:leakcanary-android:1.5] AndroidManifest.xml:56:13-65
	android:taskAffinity
		ADDED from [com.squareup.leakcanary:leakcanary-android:1.5] AndroidManifest.xml:55:13-59
	android:name
		ADDED from [com.squareup.leakcanary:leakcanary-android:1.5] AndroidManifest.xml:51:13-93